<?xml version="1.0" encoding="UTF-8"?>
<!-- Generated by org.testng.reporters.JUnitXMLReporter -->
<testsuite hostname="akundu18" ignored="0" name="MyRestAssuredtest" tests="4" failures="1" timestamp="06 Oct 2020 15:40:14 GMT" time="5.585" errors="0">
  <testcase name="Mytest1" time="3.205" classname="com.ig.test.Test1"/>
  <testcase name="Mytest2" time="0.425" classname="com.ig.test.Test1"/>
  <testcase name="Mytest3" time="1.29" classname="com.ig.test.Test1"/>
  <testcase name="Mytest4" time="0.631" classname="com.ig.test.Test1">
    <failure type="java.lang.AssertionError" message="expected [IG Infotech] but found [ABC Infotech]">
      <![CDATA[java.lang.AssertionError: expected [IG Infotech] but found [ABC Infotech]
at com.ig.test.Test1.Mytest4(Test1.java:106)
... Removed 33 stack frames]]>
    </failure>
  </testcase> <!-- Mytest4 -->
</testsuite> <!-- MyRestAssuredtest -->
