<?xml version="1.0" encoding="UTF-8"?>
<testsuite name="TestSuite" time="5.559" tests="4" errors="0" skipped="0" failures="1">
  <properties>
[...]
</properties>
  <testcase name="Mytest1" classname="com.ig.test.Test1" time="3.207"/>
  <testcase name="Mytest2" classname="com.ig.test.Test1" time="0.424"/>
  <testcase name="Mytest3" classname="com.ig.test.Test1" time="1.291"/>
  <testcase name="Mytest4" classname="com.ig.test.Test1" time="0.637">
    <failure message="expected [IG Infotech] but found [ABC Infotech]" type="java.lang.AssertionError">java.lang.AssertionError: expected [IG Infotech] but found [ABC Infotech]
	at org.testng.Assert.fail(Assert.java:96)
	at org.testng.Assert.failNotEquals(Assert.java:776)
	at org.testng.Assert.assertEqualsImpl(Assert.java:137)
	at org.testng.Assert.assertEquals(Assert.java:118)
	at org.testng.Assert.assertEquals(Assert.java:442)
	at com.ig.test.Test1.Mytest4(Test1.java:106)
</failure>
  </testcase>
</testsuite>